Determining if the pthread_create exist failed with the following output:
Change Dir: /home/harunros/catkin_ws/build/CMakeFiles/CMakeTmp

Run Build Command:"/usr/bin/make" "cmTC_fcfb4/fast"
make[1]: Entering directory '/home/harunros/catkin_ws/build/CMakeFiles/CMakeTmp'
/usr/bin/make -f CMakeFiles/cmTC_fcfb4.dir/build.make CMakeFiles/cmTC_fcfb4.dir/build
make[2]: Entering directory '/home/harunros/catkin_ws/build/CMakeFiles/CMakeTmp'
Building C object CMakeFiles/cmTC_fcfb4.dir/CheckSymbolExists.c.o
/usr/bin/cc    -o CMakeFiles/cmTC_fcfb4.dir/CheckSymbolExists.c.o   -c /home/harunros/catkin_ws/build/CMakeFiles/CMakeTmp/CheckSymbolExists.c
Linking C executable cmTC_fcfb4
/usr/bin/cmake -E cmake_link_script CMakeFiles/cmTC_fcfb4.dir/link.txt --verbose=1
/usr/bin/cc      -rdynamic CMakeFiles/cmTC_fcfb4.dir/CheckSymbolExists.c.o  -o cmTC_fcfb4 
CMakeFiles/cmTC_fcfb4.dir/CheckSymbolExists.c.o: `main' fonksiyonunda:
CheckSymbolExists.c:(.text+0x1b): `pthread_create'ye tanımsız başvuru
collect2: error: ld returned 1 exit status
CMakeFiles/cmTC_fcfb4.dir/build.make:97: recipe for target 'cmTC_fcfb4' failed
make[2]: *** [cmTC_fcfb4] Error 1
make[2]: Leaving directory '/home/harunros/catkin_ws/build/CMakeFiles/CMakeTmp'
Makefile:126: recipe for target 'cmTC_fcfb4/fast' failed
make[1]: *** [cmTC_fcfb4/fast] Error 2
make[1]: Leaving directory '/home/harunros/catkin_ws/build/CMakeFiles/CMakeTmp'

File /home/harunros/catkin_ws/build/CMakeFiles/CMakeTmp/CheckSymbolExists.c:
/* */
#include <pthread.h>

int main(int argc, char** argv)
{
  (void)argv;
#ifndef pthread_create
  return ((int*)(&pthread_create))[argc];
#else
  (void)argc;
  return 0;
#endif
}

Determining if the function pthread_create exists in the pthreads failed with the following output:
Change Dir: /home/harunros/catkin_ws/build/CMakeFiles/CMakeTmp

Run Build Command:"/usr/bin/make" "cmTC_dac1d/fast"
make[1]: Entering directory '/home/harunros/catkin_ws/build/CMakeFiles/CMakeTmp'
/usr/bin/make -f CMakeFiles/cmTC_dac1d.dir/build.make CMakeFiles/cmTC_dac1d.dir/build
make[2]: Entering directory '/home/harunros/catkin_ws/build/CMakeFiles/CMakeTmp'
Building C object CMakeFiles/cmTC_dac1d.dir/CheckFunctionExists.c.o
/usr/bin/cc   -DCHECK_FUNCTION_EXISTS=pthread_create   -o CMakeFiles/cmTC_dac1d.dir/CheckFunctionExists.c.o   -c /usr/share/cmake-3.10/Modules/CheckFunctionExists.c
Linking C executable cmTC_dac1d
/usr/bin/cmake -E cmake_link_script CMakeFiles/cmTC_dac1d.dir/link.txt --verbose=1
/usr/bin/cc  -DCHECK_FUNCTION_EXISTS=pthread_create    -rdynamic CMakeFiles/cmTC_dac1d.dir/CheckFunctionExists.c.o  -o cmTC_dac1d -lpthreads 
/usr/bin/ld: -lpthreads bulunamadı
collect2: error: ld returned 1 exit status
CMakeFiles/cmTC_dac1d.dir/build.make:97: recipe for target 'cmTC_dac1d' failed
make[2]: *** [cmTC_dac1d] Error 1
make[2]: Leaving directory '/home/harunros/catkin_ws/build/CMakeFiles/CMakeTmp'
Makefile:126: recipe for target 'cmTC_dac1d/fast' failed
make[1]: *** [cmTC_dac1d/fast] Error 2
make[1]: Leaving directory '/home/harunros/catkin_ws/build/CMakeFiles/CMakeTmp'


